TN:
SF:contracts\MetaNode.sol
DA:8,1
DA:9,1
LH:2
LF:2
end_of_record
SF:contracts\TestERC20.sol
DA:16,0
LH:0
LF:1
end_of_record
SF:contracts\MetaNodeStake.sol
DA:180,1
DA:181,1
DA:184,1
DA:185,1
DA:186,1
DA:189,1
DA:190,1
DA:191,1
DA:203,1
DA:204,1
DA:205,1
DA:206,1
DA:208,1
DA:209,1
DA:210,1
DA:211,1
DA:213,1
DA:215,1
DA:216,1
DA:217,1
DA:224,1
DA:230,1
DA:232,1
DA:239,1
DA:241,1
DA:243,1
DA:250,1
DA:252,1
DA:254,1
DA:261,1
DA:263,1
DA:265,1
DA:272,1
DA:274,1
DA:276,1
DA:283,1
DA:284,1
DA:285,1
DA:286,1
DA:288,1
DA:290,1
DA:297,1
DA:298,1
DA:299,1
DA:300,1
DA:302,1
DA:304,1
DA:313,1
DA:315,1
DA:317,1
DA:331,1
DA:332,1
DA:333,1
DA:334,1
DA:335,1
DA:336,1
DA:338,1
DA:339,1
DA:340,1
DA:341,1
DA:343,1
DA:344,1
DA:345,1
DA:346,1
DA:348,1
DA:349,1
DA:352,1
DA:353,1
DA:354,1
DA:355,1
DA:357,1
DA:358,1
DA:359,1
DA:360,1
DA:361,1
DA:362,1
DA:363,1
DA:364,1
DA:365,1
DA:366,1
DA:367,1
DA:369,1
DA:370,1
DA:371,1
DA:372,1
DA:373,1
DA:374,1
DA:375,1
DA:386,1
DA:387,1
DA:389,1
DA:400,1
DA:402,1
DA:403,1
DA:406,1
DA:407,1
DA:409,1
DA:412,1
DA:418,1
DA:432,1
DA:433,1
DA:434,1
DA:436,1
DA:437,1
DA:439,1
DA:440,1
DA:441,1
DA:442,1
DA:452,1
DA:463,1
DA:464,1
DA:465,1
DA:466,1
DA:468,1
DA:469,1
DA:470,1
DA:471,1
DA:472,1
DA:473,1
DA:474,1
DA:475,1
DA:476,1
DA:477,1
DA:478,1
DA:481,1
DA:482,1
DA:483,1
DA:484,1
DA:485,1
DA:495,1
DA:510,1
DA:512,1
DA:513,1
DA:518,1
DA:522,1
DA:528,1
DA:530,1
DA:534,1
DA:535,1
DA:536,1
DA:537,1
DA:538,1
DA:540,1
DA:541,1
DA:543,1
DA:544,1
DA:545,1
DA:546,1
DA:547,1
DA:548,1
DA:550,1
DA:551,1
DA:553,1
DA:554,1
DA:555,1
DA:556,1
DA:557,1
DA:560,1
DA:562,1
DA:569,1
DA:570,1
DA:571,1
DA:579,1
DA:580,1
DA:581,1
DA:582,1
DA:583,1
DA:585,1
DA:586,1
DA:587,1
DA:588,1
DA:589,1
DA:591,1
DA:605,1
DA:606,1
DA:607,1
DA:608,1
DA:609,1
DA:610,1
DA:612,1
DA:613,1
DA:614,1
DA:615,1
DA:616,1
DA:617,1
DA:618,1
DA:621,1
DA:634,1
DA:635,1
DA:637,1
DA:639,1
DA:641,1
DA:642,1
DA:643,1
DA:645,1
DA:646,1
DA:649,1
DA:650,1
DA:651,1
DA:652,1
DA:653,1
DA:654,1
DA:655,1
DA:656,1
DA:659,1
DA:660,1
DA:661,1
DA:662,1
DA:664,1
DA:675,1
DA:676,1
DA:678,1
DA:679,1
DA:680,1
DA:681,1
DA:684,1
DA:685,1
DA:688,1
DA:692,1
DA:693,1
DA:696,1
DA:697,1
DA:698,1
DA:700,1
DA:701,1
DA:702,1
DA:703,1
DA:707,1
DA:718,1
DA:719,1
DA:721,1
DA:723,1
DA:724,1
DA:725,1
DA:726,1
DA:728,1
DA:729,1
DA:730,1
DA:733,1
DA:734,1
DA:735,1
DA:737,1
DA:740,1
DA:749,1
DA:750,1
DA:752,1
DA:754,1
DA:777,1
DA:778,1
DA:779,1
DA:780,1
DA:783,1
DA:784,1
DA:785,1
DA:786,1
DA:787,1
DA:789,1
DA:790,1
DA:791,1
DA:792,1
DA:793,1
DA:795,1
DA:796,1
DA:798,1
DA:800,1
DA:810,1
DA:812,1
DA:815,1
DA:826,1
DA:827,1
DA:828,1
DA:830,1
DA:831,1
DA:514,0
DA:515,0
DA:516,0
DA:531,0
DA:682,0
DA:689,0
DA:755,0
DA:756,0
DA:757,0
DA:758,0
DA:759,0
DA:760,0
DA:761,0
DA:763,0
DA:764,0
DA:765,0
DA:766,0
DA:768,0
DA:769,0
DA:770,0
DA:771,0
DA:772,0
DA:773,0
DA:813,0
DA:832,0
DA:833,0
DA:834,0
DA:835,0
LH:273
LF:301
end_of_record
